0 info it worked if it ends with ok
1 verbose cli [ '/Users/jasonrsavino/.nvm/versions/node/v6.11.4/bin/node',
1 verbose cli   '/Users/jasonrsavino/.nvm/versions/node/v6.11.4/bin/npm',
1 verbose cli   'install',
1 verbose cli   '@kanopi/starterkit-treetop' ]
2 info using npm@3.10.10
3 info using node@v6.11.4
4 silly loadCurrentTree Starting
5 silly install loadCurrentTree
6 silly install readLocalPackageData
7 silly fetchPackageMetaData @kanopi/starterkit-treetop
8 silly fetchNamedPackageData @kanopi/starterkit-treetop
9 silly mapToRegistry name @kanopi/starterkit-treetop
10 silly mapToRegistry scope (from package name) @kanopi
11 verbose mapToRegistry no registry URL found in name for scope @kanopi
12 silly mapToRegistry using default registry
13 silly mapToRegistry registry https://registry.npmjs.org/
14 silly mapToRegistry data Result {
14 silly mapToRegistry   raw: '@kanopi/starterkit-treetop',
14 silly mapToRegistry   scope: '@kanopi',
14 silly mapToRegistry   escapedName: '@kanopi%2fstarterkit-treetop',
14 silly mapToRegistry   name: '@kanopi/starterkit-treetop',
14 silly mapToRegistry   rawSpec: '',
14 silly mapToRegistry   spec: 'latest',
14 silly mapToRegistry   type: 'tag' }
15 silly mapToRegistry uri https://registry.npmjs.org/@kanopi%2fstarterkit-treetop
16 verbose request uri https://registry.npmjs.org/@kanopi%2fstarterkit-treetop
17 verbose request no auth needed
18 info attempt registry request try #1 at 11:07:53 PM
19 verbose request id e5a962c03a77524a
20 http request GET https://registry.npmjs.org/@kanopi%2fstarterkit-treetop
21 http 404 https://registry.npmjs.org/@kanopi%2fstarterkit-treetop
22 verbose headers { date: 'Tue, 05 Mar 2019 07:07:54 GMT',
22 verbose headers   'content-type': 'application/json',
22 verbose headers   'content-length': '21',
22 verbose headers   connection: 'keep-alive',
22 verbose headers   'set-cookie': [ '__cfduid=da6f0729c132f930feb1c870fd2ef143c1551769673; expires=Wed, 04-Mar-20 07:07:53 GMT; path=/; domain=.registry.npmjs.org; HttpOnly' ],
22 verbose headers   'cf-ray': '4b2a416b8ccf22f4-LAX',
22 verbose headers   'expect-ct': 'max-age=604800, report-uri="https://report-uri.cloudflare.com/cdn-cgi/beacon/expect-ct"',
22 verbose headers   vary: 'Accept-Encoding',
22 verbose headers   server: 'cloudflare' }
23 silly get cb [ 404,
23 silly get   { date: 'Tue, 05 Mar 2019 07:07:54 GMT',
23 silly get     'content-type': 'application/json',
23 silly get     'content-length': '21',
23 silly get     connection: 'keep-alive',
23 silly get     'set-cookie': [ '__cfduid=da6f0729c132f930feb1c870fd2ef143c1551769673; expires=Wed, 04-Mar-20 07:07:53 GMT; path=/; domain=.registry.npmjs.org; HttpOnly' ],
23 silly get     'cf-ray': '4b2a416b8ccf22f4-LAX',
23 silly get     'expect-ct': 'max-age=604800, report-uri="https://report-uri.cloudflare.com/cdn-cgi/beacon/expect-ct"',
23 silly get     vary: 'Accept-Encoding',
23 silly get     server: 'cloudflare' } ]
24 silly fetchPackageMetaData Error: Not found : @kanopi/starterkit-treetop
24 silly fetchPackageMetaData     at makeError (/Users/jasonrsavino/.nvm/versions/node/v6.11.4/lib/node_modules/npm/node_modules/npm-registry-client/lib/request.js:302:12)
24 silly fetchPackageMetaData     at CachingRegistryClient.<anonymous> (/Users/jasonrsavino/.nvm/versions/node/v6.11.4/lib/node_modules/npm/node_modules/npm-registry-client/lib/request.js:290:14)
24 silly fetchPackageMetaData     at Request._callback (/Users/jasonrsavino/.nvm/versions/node/v6.11.4/lib/node_modules/npm/node_modules/npm-registry-client/lib/request.js:210:14)
24 silly fetchPackageMetaData     at Request.self.callback (/Users/jasonrsavino/.nvm/versions/node/v6.11.4/lib/node_modules/npm/node_modules/request/request.js:187:22)
24 silly fetchPackageMetaData     at emitTwo (events.js:106:13)
24 silly fetchPackageMetaData     at Request.emit (events.js:191:7)
24 silly fetchPackageMetaData     at Request.<anonymous> (/Users/jasonrsavino/.nvm/versions/node/v6.11.4/lib/node_modules/npm/node_modules/request/request.js:1048:10)
24 silly fetchPackageMetaData     at emitOne (events.js:96:13)
24 silly fetchPackageMetaData     at Request.emit (events.js:188:7)
24 silly fetchPackageMetaData     at IncomingMessage.<anonymous> (/Users/jasonrsavino/.nvm/versions/node/v6.11.4/lib/node_modules/npm/node_modules/request/request.js:969:12)
24 silly fetchPackageMetaData  error for @kanopi/starterkit-treetop { Error: Not found : @kanopi/starterkit-treetop
24 silly fetchPackageMetaData     at makeError (/Users/jasonrsavino/.nvm/versions/node/v6.11.4/lib/node_modules/npm/node_modules/npm-registry-client/lib/request.js:302:12)
24 silly fetchPackageMetaData     at CachingRegistryClient.<anonymous> (/Users/jasonrsavino/.nvm/versions/node/v6.11.4/lib/node_modules/npm/node_modules/npm-registry-client/lib/request.js:290:14)
24 silly fetchPackageMetaData     at Request._callback (/Users/jasonrsavino/.nvm/versions/node/v6.11.4/lib/node_modules/npm/node_modules/npm-registry-client/lib/request.js:210:14)
24 silly fetchPackageMetaData     at Request.self.callback (/Users/jasonrsavino/.nvm/versions/node/v6.11.4/lib/node_modules/npm/node_modules/request/request.js:187:22)
24 silly fetchPackageMetaData     at emitTwo (events.js:106:13)
24 silly fetchPackageMetaData     at Request.emit (events.js:191:7)
24 silly fetchPackageMetaData     at Request.<anonymous> (/Users/jasonrsavino/.nvm/versions/node/v6.11.4/lib/node_modules/npm/node_modules/request/request.js:1048:10)
24 silly fetchPackageMetaData     at emitOne (events.js:96:13)
24 silly fetchPackageMetaData     at Request.emit (events.js:188:7)
24 silly fetchPackageMetaData     at IncomingMessage.<anonymous> (/Users/jasonrsavino/.nvm/versions/node/v6.11.4/lib/node_modules/npm/node_modules/request/request.js:969:12)
24 silly fetchPackageMetaData   pkgid: '@kanopi/starterkit-treetop',
24 silly fetchPackageMetaData   statusCode: 404,
24 silly fetchPackageMetaData   code: 'E404' }
25 silly rollbackFailedOptional Starting
26 silly rollbackFailedOptional Finishing
27 silly runTopLevelLifecycles Finishing
28 silly install printInstalled
29 verbose stack Error: Not found : @kanopi/starterkit-treetop
29 verbose stack     at makeError (/Users/jasonrsavino/.nvm/versions/node/v6.11.4/lib/node_modules/npm/node_modules/npm-registry-client/lib/request.js:302:12)
29 verbose stack     at CachingRegistryClient.<anonymous> (/Users/jasonrsavino/.nvm/versions/node/v6.11.4/lib/node_modules/npm/node_modules/npm-registry-client/lib/request.js:290:14)
29 verbose stack     at Request._callback (/Users/jasonrsavino/.nvm/versions/node/v6.11.4/lib/node_modules/npm/node_modules/npm-registry-client/lib/request.js:210:14)
29 verbose stack     at Request.self.callback (/Users/jasonrsavino/.nvm/versions/node/v6.11.4/lib/node_modules/npm/node_modules/request/request.js:187:22)
29 verbose stack     at emitTwo (events.js:106:13)
29 verbose stack     at Request.emit (events.js:191:7)
29 verbose stack     at Request.<anonymous> (/Users/jasonrsavino/.nvm/versions/node/v6.11.4/lib/node_modules/npm/node_modules/request/request.js:1048:10)
29 verbose stack     at emitOne (events.js:96:13)
29 verbose stack     at Request.emit (events.js:188:7)
29 verbose stack     at IncomingMessage.<anonymous> (/Users/jasonrsavino/.nvm/versions/node/v6.11.4/lib/node_modules/npm/node_modules/request/request.js:969:12)
30 verbose statusCode 404
31 verbose pkgid @kanopi/starterkit-treetop
32 verbose cwd /Users/jasonrsavino/Projects/drupal8/docroot/themes/treetop
33 error Darwin 18.2.0
34 error argv "/Users/jasonrsavino/.nvm/versions/node/v6.11.4/bin/node" "/Users/jasonrsavino/.nvm/versions/node/v6.11.4/bin/npm" "install" "@kanopi/starterkit-treetop"
35 error node v6.11.4
36 error npm  v3.10.10
37 error code E404
38 error 404 Not found : @kanopi/starterkit-treetop
39 error 404
40 error 404 '@kanopi/starterkit-treetop' is not in the npm registry.
41 error 404 You should bug the author to publish it (or use the name yourself!)
42 error 404 Note that you can also install from a
43 error 404 tarball, folder, http url, or git url.
44 verbose exit [ 1, true ]
